This file contains any messages produced by compilers while
running configure, to aid debugging if configure makes a mistake.

It was created by main configure 0.01, which was
generated by GNU Autoconf 2.68.  Invocation command line was

  $ ./configure 

## --------- ##
## Platform. ##
## --------- ##

hostname = kakasi-desktop
uname -m = x86_64
uname -r = 3.2.0-41-generic
uname -s = Linux
uname -v = #66-Ubuntu SMP Thu Apr 25 03:27:11 UTC 2013

/usr/bin/uname -p = unknown
/bin/uname -X     = unknown

/bin/arch              = unknown
/usr/bin/arch -k       = unknown
/usr/convex/getsysinfo = unknown
/usr/bin/hostinfo      = unknown
/bin/machine           = unknown
/usr/bin/oslevel       = unknown
/bin/universe          = unknown

PATH: /home/kakasi/bin
PATH: /usr/lib/lightdm/lightdm
PATH: /usr/local/sbin
PATH: /usr/local/bin
PATH: /usr/sbin
PATH: /usr/bin
PATH: /sbin
PATH: /bin
PATH: /usr/games
PATH: /home/kakasi/jdk1.6.0_37/jre/bin/
PATH: /home/kakasi/jdk1.6.0_37/bin/
PATH: /home/kakasi/android-sdk-linux/platform-tools/
PATH: /home/kakasi/android-sdk-linux/tools/
PATH: /home/kakasi/android-ndk-r8b/
PATH: /home/kakasi/apache-ant-1.8.4/bin
PATH: /home/kakasi/bin


## ----------- ##
## Core tests. ##
## ----------- ##

configure:2105: checking for a BSD-compatible install
configure:2173: result: /usr/bin/install -c
configure:2184: checking whether build environment is sane
configure:2234: result: yes
configure:2375: checking for a thread-safe mkdir -p
configure:2414: result: /bin/mkdir -p
configure:2427: checking for gawk
configure:2457: result: no
configure:2427: checking for mawk
configure:2443: found /usr/bin/mawk
configure:2454: result: mawk
configure:2465: checking whether make sets $(MAKE)
configure:2487: result: yes
configure:2616: checking for gcc
configure:2632: found /usr/bin/gcc
configure:2643: result: gcc
configure:2872: checking for C compiler version
configure:2881: gcc --version >&5
gcc (Ubuntu/Linaro 4.6.3-1ubuntu5) 4.6.3
Copyright (C) 2011 Free Software Foundation, Inc.
This is free software; see the source for copying conditions.  There is NO
warranty; not even for MERCHANTABILITY or FITNESS FOR A PARTICULAR PURPOSE.

configure:2892: $? = 0
configure:2881: gcc -v >&5
Using built-in specs.
COLLECT_GCC=gcc
COLLECT_LTO_WRAPPER=/usr/lib/gcc/x86_64-linux-gnu/4.6/lto-wrapper
Target: x86_64-linux-gnu
Configured with: ../src/configure -v --with-pkgversion='Ubuntu/Linaro 4.6.3-1ubuntu5' --with-bugurl=file:///usr/share/doc/gcc-4.6/README.Bugs --enable-languages=c,c++,fortran,objc,obj-c++ --prefix=/usr --program-suffix=-4.6 --enable-shared --enable-linker-build-id --with-system-zlib --libexecdir=/usr/lib --without-included-gettext --enable-threads=posix --with-gxx-include-dir=/usr/include/c++/4.6 --libdir=/usr/lib --enable-nls --with-sysroot=/ --enable-clocale=gnu --enable-libstdcxx-debug --enable-libstdcxx-time=yes --enable-gnu-unique-object --enable-plugin --enable-objc-gc --disable-werror --with-arch-32=i686 --with-tune=generic --enable-checking=release --build=x86_64-linux-gnu --host=x86_64-linux-gnu --target=x86_64-linux-gnu
Thread model: posix
gcc version 4.6.3 (Ubuntu/Linaro 4.6.3-1ubuntu5) 
configure:2892: $? = 0
configure:2881: gcc -V >&5
gcc: error: unrecognized option '-V'
gcc: fatal error: no input files
compilation terminated.
configure:2892: $? = 4
configure:2881: gcc -qversion >&5
gcc: error: unrecognized option '-qversion'
gcc: fatal error: no input files
compilation terminated.
configure:2892: $? = 4
configure:2912: checking whether the C compiler works
configure:2934: gcc    conftest.c  >&5
configure:2938: $? = 0
configure:2986: result: yes
configure:2989: checking for C compiler default output file name
configure:2991: result: a.out
configure:2997: checking for suffix of executables
configure:3004: gcc -o conftest    conftest.c  >&5
configure:3008: $? = 0
configure:3030: result: 
configure:3052: checking whether we are cross compiling
configure:3060: gcc -o conftest    conftest.c  >&5
configure:3064: $? = 0
configure:3071: ./conftest
configure:3075: $? = 0
configure:3090: result: no
configure:3095: checking for suffix of object files
configure:3117: gcc -c   conftest.c >&5
configure:3121: $? = 0
configure:3142: result: o
configure:3146: checking whether we are using the GNU C compiler
configure:3165: gcc -c   conftest.c >&5
configure:3165: $? = 0
configure:3174: result: yes
configure:3183: checking whether gcc accepts -g
configure:3203: gcc -c -g  conftest.c >&5
configure:3203: $? = 0
configure:3244: result: yes
configure:3261: checking for gcc option to accept ISO C89
configure:3325: gcc  -c -g -O2  conftest.c >&5
configure:3325: $? = 0
configure:3338: result: none needed
configure:3369: checking for style of include used by make
configure:3397: result: GNU
configure:3423: checking dependency style of gcc
configure:3534: result: gcc3
configure:3559: checking how to run the C preprocessor
configure:3590: gcc -E  conftest.c
configure:3590: $? = 0
configure:3604: gcc -E  conftest.c
conftest.c:11:28: fatal error: ac_nonexistent.h: No such file or directory
compilation terminated.
configure:3604: $? = 1
configure: failed program was:
| /* confdefs.h */
| #define PACKAGE_NAME "main"
| #define PACKAGE_TARNAME "main"
| #define PACKAGE_VERSION "0.01"
| #define PACKAGE_STRING "main 0.01"
| #define PACKAGE_BUGREPORT "wallyjue@gmail.com"
| #define PACKAGE_URL ""
| #define PACKAGE "main"
| #define VERSION "0.01"
| /* end confdefs.h.  */
| #include <ac_nonexistent.h>
configure:3629: result: gcc -E
configure:3649: gcc -E  conftest.c
configure:3649: $? = 0
configure:3663: gcc -E  conftest.c
conftest.c:11:28: fatal error: ac_nonexistent.h: No such file or directory
compilation terminated.
configure:3663: $? = 1
configure: failed program was:
| /* confdefs.h */
| #define PACKAGE_NAME "main"
| #define PACKAGE_TARNAME "main"
| #define PACKAGE_VERSION "0.01"
| #define PACKAGE_STRING "main 0.01"
| #define PACKAGE_BUGREPORT "wallyjue@gmail.com"
| #define PACKAGE_URL ""
| #define PACKAGE "main"
| #define VERSION "0.01"
| /* end confdefs.h.  */
| #include <ac_nonexistent.h>
configure:3692: checking for grep that handles long lines and -e
configure:3750: result: /bin/grep
configure:3755: checking for egrep
configure:3817: result: /bin/grep -E
configure:3822: checking for ANSI C header files
configure:3842: gcc -c -g -O2  conftest.c >&5
configure:3842: $? = 0
configure:3915: gcc -o conftest -g -O2   conftest.c  >&5
configure:3915: $? = 0
configure:3915: ./conftest
configure:3915: $? = 0
configure:3926: result: yes
configure:3939: checking for sys/types.h
configure:3939: gcc -c -g -O2  conftest.c >&5
configure:3939: $? = 0
configure:3939: result: yes
configure:3939: checking for sys/stat.h
configure:3939: gcc -c -g -O2  conftest.c >&5
configure:3939: $? = 0
configure:3939: result: yes
configure:3939: checking for stdlib.h
configure:3939: gcc -c -g -O2  conftest.c >&5
configure:3939: $? = 0
configure:3939: result: yes
configure:3939: checking for string.h
configure:3939: gcc -c -g -O2  conftest.c >&5
configure:3939: $? = 0
configure:3939: result: yes
configure:3939: checking for memory.h
configure:3939: gcc -c -g -O2  conftest.c >&5
configure:3939: $? = 0
configure:3939: result: yes
configure:3939: checking for strings.h
configure:3939: gcc -c -g -O2  conftest.c >&5
configure:3939: $? = 0
configure:3939: result: yes
configure:3939: checking for inttypes.h
configure:3939: gcc -c -g -O2  conftest.c >&5
configure:3939: $? = 0
configure:3939: result: yes
configure:3939: checking for stdint.h
configure:3939: gcc -c -g -O2  conftest.c >&5
configure:3939: $? = 0
configure:3939: result: yes
configure:3939: checking for unistd.h
configure:3939: gcc -c -g -O2  conftest.c >&5
configure:3939: $? = 0
configure:3939: result: yes
configure:3954: checking for stdlib.h
configure:3954: result: yes
configure:3954: checking for string.h
configure:3954: result: yes
configure:3966: checking for size_t
configure:3966: gcc -c -g -O2  conftest.c >&5
configure:3966: $? = 0
configure:3966: gcc -c -g -O2  conftest.c >&5
conftest.c: In function 'main':
conftest.c:59:21: error: expected expression before ')' token
configure:3966: $? = 1
configure: failed program was:
| /* confdefs.h */
| #define PACKAGE_NAME "main"
| #define PACKAGE_TARNAME "main"
| #define PACKAGE_VERSION "0.01"
| #define PACKAGE_STRING "main 0.01"
| #define PACKAGE_BUGREPORT "wallyjue@gmail.com"
| #define PACKAGE_URL ""
| #define PACKAGE "main"
| #define VERSION "0.01"
| #define STDC_HEADERS 1
| #define HAVE_SYS_TYPES_H 1
| #define HAVE_SYS_STAT_H 1
| #define HAVE_STDLIB_H 1
| #define HAVE_STRING_H 1
| #define HAVE_MEMORY_H 1
| #define HAVE_STRINGS_H 1
| #define HAVE_INTTYPES_H 1
| #define HAVE_STDINT_H 1
| #define HAVE_UNISTD_H 1
| #define HAVE_STDLIB_H 1
| #define HAVE_STRING_H 1
| /* end confdefs.h.  */
| #include <stdio.h>
| #ifdef HAVE_SYS_TYPES_H
| # include <sys/types.h>
| #endif
| #ifdef HAVE_SYS_STAT_H
| # include <sys/stat.h>
| #endif
| #ifdef STDC_HEADERS
| # include <stdlib.h>
| # include <stddef.h>
| #else
| # ifdef HAVE_STDLIB_H
| #  include <stdlib.h>
| # endif
| #endif
| #ifdef HAVE_STRING_H
| # if !defined STDC_HEADERS && defined HAVE_MEMORY_H
| #  include <memory.h>
| # endif
| # include <string.h>
| #endif
| #ifdef HAVE_STRINGS_H
| # include <strings.h>
| #endif
| #ifdef HAVE_INTTYPES_H
| # include <inttypes.h>
| #endif
| #ifdef HAVE_STDINT_H
| # include <stdint.h>
| #endif
| #ifdef HAVE_UNISTD_H
| # include <unistd.h>
| #endif
| int
| main ()
| {
| if (sizeof ((size_t)))
| 	    return 0;
|   ;
|   return 0;
| }
configure:3966: result: yes
configure:3981: checking for stdlib.h
configure:3981: result: yes
configure:3991: checking for GNU libc compatible malloc
configure:4015: gcc -o conftest -g -O2   conftest.c  >&5
configure:4015: $? = 0
configure:4015: ./conftest
configure:4015: $? = 0
configure:4025: result: yes
configure:4179: creating ./config.status

## ---------------------- ##
## Running config.status. ##
## ---------------------- ##

This file was extended by main config.status 0.01, which was
generated by GNU Autoconf 2.68.  Invocation command line was

  CONFIG_FILES    = 
  CONFIG_HEADERS  = 
  CONFIG_LINKS    = 
  CONFIG_COMMANDS = 
  $ ./config.status 

on kakasi-desktop

config.status:865: creating Makefile
config.status:865: creating src/Makefile
config.status:865: creating config.h
config.status:1046: config.h is unchanged
config.status:1094: executing depfiles commands

## ---------------- ##
## Cache variables. ##
## ---------------- ##

ac_cv_c_compiler_gnu=yes
ac_cv_env_CC_set=
ac_cv_env_CC_value=
ac_cv_env_CFLAGS_set=
ac_cv_env_CFLAGS_value=
ac_cv_env_CPPFLAGS_set=
ac_cv_env_CPPFLAGS_value=
ac_cv_env_CPP_set=
ac_cv_env_CPP_value=
ac_cv_env_LDFLAGS_set=
ac_cv_env_LDFLAGS_value=
ac_cv_env_LIBS_set=
ac_cv_env_LIBS_value=
ac_cv_env_build_alias_set=
ac_cv_env_build_alias_value=
ac_cv_env_host_alias_set=
ac_cv_env_host_alias_value=
ac_cv_env_target_alias_set=
ac_cv_env_target_alias_value=
ac_cv_func_malloc_0_nonnull=yes
ac_cv_header_inttypes_h=yes
ac_cv_header_memory_h=yes
ac_cv_header_stdc=yes
ac_cv_header_stdint_h=yes
ac_cv_header_stdlib_h=yes
ac_cv_header_string_h=yes
ac_cv_header_strings_h=yes
ac_cv_header_sys_stat_h=yes
ac_cv_header_sys_types_h=yes
ac_cv_header_unistd_h=yes
ac_cv_objext=o
ac_cv_path_EGREP='/bin/grep -E'
ac_cv_path_GREP=/bin/grep
ac_cv_path_install='/usr/bin/install -c'
ac_cv_path_mkdir=/bin/mkdir
ac_cv_prog_AWK=mawk
ac_cv_prog_CPP='gcc -E'
ac_cv_prog_ac_ct_CC=gcc
ac_cv_prog_cc_c89=
ac_cv_prog_cc_g=yes
ac_cv_prog_make_make_set=yes
ac_cv_type_size_t=yes
am_cv_CC_dependencies_compiler_type=gcc3

## ----------------- ##
## Output variables. ##
## ----------------- ##

ACLOCAL='${SHELL} /home/kakasi/programming/programmer-upgrade/missing --run aclocal-1.11'
AMDEPBACKSLASH='\'
AMDEP_FALSE='#'
AMDEP_TRUE=''
AMTAR='$${TAR-tar}'
AUTOCONF='${SHELL} /home/kakasi/programming/programmer-upgrade/missing --run autoconf'
AUTOHEADER='${SHELL} /home/kakasi/programming/programmer-upgrade/missing --run autoheader'
AUTOMAKE='${SHELL} /home/kakasi/programming/programmer-upgrade/missing --run automake-1.11'
AWK='mawk'
CC='gcc'
CCDEPMODE='depmode=gcc3'
CFLAGS='-g -O2'
CPP='gcc -E'
CPPFLAGS=''
CYGPATH_W='echo'
DEFS='-DHAVE_CONFIG_H'
DEPDIR='.deps'
ECHO_C=''
ECHO_N='-n'
ECHO_T=''
EGREP='/bin/grep -E'
EXEEXT=''
GREP='/bin/grep'
INSTALL_DATA='${INSTALL} -m 644'
INSTALL_PROGRAM='${INSTALL}'
INSTALL_SCRIPT='${INSTALL}'
INSTALL_STRIP_PROGRAM='$(install_sh) -c -s'
LDFLAGS=''
LIBOBJS=''
LIBS=''
LTLIBOBJS=''
MAKEINFO='${SHELL} /home/kakasi/programming/programmer-upgrade/missing --run makeinfo'
MKDIR_P='/bin/mkdir -p'
OBJEXT='o'
PACKAGE='main'
PACKAGE_BUGREPORT='wallyjue@gmail.com'
PACKAGE_NAME='main'
PACKAGE_STRING='main 0.01'
PACKAGE_TARNAME='main'
PACKAGE_URL=''
PACKAGE_VERSION='0.01'
PATH_SEPARATOR=':'
SET_MAKE=''
SHELL='/bin/bash'
STRIP=''
VERSION='0.01'
ac_ct_CC='gcc'
am__EXEEXT_FALSE=''
am__EXEEXT_TRUE='#'
am__fastdepCC_FALSE='#'
am__fastdepCC_TRUE=''
am__include='include'
am__isrc=''
am__leading_dot='.'
am__nodep='_no'
am__quote=''
am__tar='$${TAR-tar} chof - "$$tardir"'
am__untar='$${TAR-tar} xf -'
bindir='${exec_prefix}/bin'
build_alias=''
datadir='${datarootdir}'
datarootdir='${prefix}/share'
docdir='${datarootdir}/doc/${PACKAGE_TARNAME}'
dvidir='${docdir}'
exec_prefix='${prefix}'
host_alias=''
htmldir='${docdir}'
includedir='${prefix}/include'
infodir='${datarootdir}/info'
install_sh='${SHELL} /home/kakasi/programming/programmer-upgrade/install-sh'
libdir='${exec_prefix}/lib'
libexecdir='${exec_prefix}/libexec'
localedir='${datarootdir}/locale'
localstatedir='${prefix}/var'
mandir='${datarootdir}/man'
mkdir_p='/bin/mkdir -p'
oldincludedir='/usr/include'
pdfdir='${docdir}'
prefix='/usr/local'
program_transform_name='s,x,x,'
psdir='${docdir}'
sbindir='${exec_prefix}/sbin'
sharedstatedir='${prefix}/com'
sysconfdir='${prefix}/etc'
target_alias=''

## ----------- ##
## confdefs.h. ##
## ----------- ##

/* confdefs.h */
#define PACKAGE_NAME "main"
#define PACKAGE_TARNAME "main"
#define PACKAGE_VERSION "0.01"
#define PACKAGE_STRING "main 0.01"
#define PACKAGE_BUGREPORT "wallyjue@gmail.com"
#define PACKAGE_URL ""
#define PACKAGE "main"
#define VERSION "0.01"
#define STDC_HEADERS 1
#define HAVE_SYS_TYPES_H 1
#define HAVE_SYS_STAT_H 1
#define HAVE_STDLIB_H 1
#define HAVE_STRING_H 1
#define HAVE_MEMORY_H 1
#define HAVE_STRINGS_H 1
#define HAVE_INTTYPES_H 1
#define HAVE_STDINT_H 1
#define HAVE_UNISTD_H 1
#define HAVE_STDLIB_H 1
#define HAVE_STRING_H 1
#define HAVE_STDLIB_H 1
#define HAVE_MALLOC 1

configure: exit 0
